<?xml version="1.0" encoding="UTF-8"?>
<testsuite name="Kotlin99EasyKtTest" tests="1" skipped="0" failures="0" errors="0" timestamp="2021-09-10T12:12:39" hostname="Arnabs-MacBook-Pro.local" time="0.023">
  <properties/>
  <testcase name="testCombination" classname="Kotlin99EasyKtTest" time="0.023"/>
  <system-out><![CDATA[this -> [a, b, c]
sublist -> [a, b, c], n = 2
this -> [b, c]
sublist -> [b, c], n = 1
map -> [[b]]
this -> [c]
sublist -> [c], n = 1
map -> [[c]]
map -> [[b, a], [c, a]]
this -> [b, c]
sublist -> [b, c], n = 2
this -> [c]
sublist -> [c], n = 1
map -> [[c]]
map -> [[c, b]]
this -> [c]
sublist -> [c], n = 2
map -> []
[[b, a], [c, a], [c, b]]]]></system-out>
  <system-err><![CDATA[]]></system-err>
</testsuite>
